;;; TOOL: run-interp-spec
;;; STDIN_FILE: third_party/testsuite/proposals/multi-memory/binary.wast
;;; ARGS*: --enable-multi-memory
(;; STDOUT ;;;
out/test/spec/multi-memory/binary.wast:6: assert_malformed passed:
  0000000: error: unable to read uint32_t: magic
out/test/spec/multi-memory/binary.wast:7: assert_malformed passed:
  0000000: error: unable to read uint32_t: magic
out/test/spec/multi-memory/binary.wast:8: assert_malformed passed:
  0000000: error: unable to read uint32_t: magic
out/test/spec/multi-memory/binary.wast:9: assert_malformed passed:
  0000004: error: bad magic value
out/test/spec/multi-memory/binary.wast:10: assert_malformed passed:
  0000004: error: bad magic value
out/test/spec/multi-memory/binary.wast:11: assert_malformed passed:
  0000004: error: bad magic value
out/test/spec/multi-memory/binary.wast:12: assert_malformed passed:
  0000004: error: bad magic value
out/test/spec/multi-memory/binary.wast:13: assert_malformed passed:
  0000004: error: bad magic value
out/test/spec/multi-memory/binary.wast:14: assert_malformed passed:
  0000004: error: bad magic value
out/test/spec/multi-memory/binary.wast:15: assert_malformed passed:
  0000004: error: bad magic value
out/test/spec/multi-memory/binary.wast:16: assert_malformed passed:
  0000004: error: bad magic value
out/test/spec/multi-memory/binary.wast:17: assert_malformed passed:
  0000004: error: bad magic value
out/test/spec/multi-memory/binary.wast:18: assert_malformed passed:
  0000004: error: bad magic value
out/test/spec/multi-memory/binary.wast:21: assert_malformed passed:
  0000004: error: bad magic value
out/test/spec/multi-memory/binary.wast:24: assert_malformed passed:
  0000004: error: bad magic value
out/test/spec/multi-memory/binary.wast:25: assert_malformed passed:
  0000004: error: bad magic value
out/test/spec/multi-memory/binary.wast:28: assert_malformed passed:
  0000004: error: bad magic value
out/test/spec/multi-memory/binary.wast:31: assert_malformed passed:
  0000004: error: bad magic value
out/test/spec/multi-memory/binary.wast:34: assert_malformed passed:
  0000004: error: bad magic value
out/test/spec/multi-memory/binary.wast:37: assert_malformed passed:
  0000004: error: unable to read uint32_t: version
out/test/spec/multi-memory/binary.wast:38: assert_malformed passed:
  0000004: error: unable to read uint32_t: version
out/test/spec/multi-memory/binary.wast:39: assert_malformed passed:
  0000004: error: unable to read uint32_t: version
out/test/spec/multi-memory/binary.wast:40: assert_malformed passed:
  0000008: error: bad wasm file version: 0 (expected 0x1)
out/test/spec/multi-memory/binary.wast:41: assert_malformed passed:
  0000008: error: bad wasm file version: 0xd (expected 0x1)
out/test/spec/multi-memory/binary.wast:42: assert_malformed passed:
  0000008: error: bad wasm file version: 0xe (expected 0x1)
out/test/spec/multi-memory/binary.wast:43: assert_malformed passed:
  0000008: error: bad wasm file version: 0x100 (expected 0x1)
out/test/spec/multi-memory/binary.wast:44: assert_malformed passed:
  0000008: error: bad wasm file version: 0x10000 (expected 0x1)
out/test/spec/multi-memory/binary.wast:45: assert_malformed passed:
  0000008: error: bad wasm file version: 0x1000000 (expected 0x1)
out/test/spec/multi-memory/binary.wast:48: assert_malformed passed:
  000000a: error: invalid section code: 13
out/test/spec/multi-memory/binary.wast:49: assert_malformed passed:
  000000a: error: invalid section code: 127
out/test/spec/multi-memory/binary.wast:50: assert_malformed passed:
  000000a: error: invalid section code: 128
out/test/spec/multi-memory/binary.wast:51: assert_malformed passed:
  000000a: error: invalid section code: 129
out/test/spec/multi-memory/binary.wast:52: assert_malformed passed:
  000000a: error: invalid section code: 255
out/test/spec/multi-memory/binary.wast:210: assert_malformed passed:
  000000c: error: unexpected type form (got 0xe0)
out/test/spec/multi-memory/binary.wast:223: assert_malformed passed:
  000000c: error: unable to read u32 leb128: memory initial page count
out/test/spec/multi-memory/binary.wast:233: assert_malformed passed:
  000000e: error: unable to read i32 leb128: i32.const value
out/test/spec/multi-memory/binary.wast:243: assert_malformed passed:
  000000e: error: unable to read i32 leb128: i32.const value
out/test/spec/multi-memory/binary.wast:254: assert_malformed passed:
  000000e: error: unable to read i64 leb128: i64.const value
out/test/spec/multi-memory/binary.wast:264: assert_malformed passed:
  000000e: error: unable to read i64 leb128: i64.const value
out/test/spec/multi-memory/binary.wast:276: assert_malformed passed:
  000000c: error: unable to read u32 leb128: memory initial page count
out/test/spec/multi-memory/binary.wast:284: assert_malformed passed:
  000000c: error: unable to read u32 leb128: memory initial page count
out/test/spec/multi-memory/binary.wast:294: assert_malformed passed:
  000000e: error: unable to read i32 leb128: i32.const value
out/test/spec/multi-memory/binary.wast:304: assert_malformed passed:
  000000e: error: unable to read i32 leb128: i32.const value
out/test/spec/multi-memory/binary.wast:314: assert_malformed passed:
  000000e: error: unable to read i32 leb128: i32.const value
out/test/spec/multi-memory/binary.wast:324: assert_malformed passed:
  000000e: error: unable to read i32 leb128: i32.const value
out/test/spec/multi-memory/binary.wast:335: assert_malformed passed:
  000000e: error: unable to read i64 leb128: i64.const value
out/test/spec/multi-memory/binary.wast:345: assert_malformed passed:
  000000e: error: unable to read i64 leb128: i64.const value
out/test/spec/multi-memory/binary.wast:355: assert_malformed passed:
  000000e: error: unable to read i64 leb128: i64.const value
out/test/spec/multi-memory/binary.wast:365: assert_malformed passed:
  000000e: error: unable to read i64 leb128: i64.const value
out/test/spec/multi-memory/binary.wast:376: assert_malformed passed:
  000000e: error: unable to read i64 leb128: i64.const value
out/test/spec/multi-memory/binary.wast:386: assert_malformed passed:
  000000e: error: unable to read i64 leb128: i64.const value
out/test/spec/multi-memory/binary.wast:396: assert_malformed passed:
  000000e: error: unable to read i64 leb128: i64.const value
out/test/spec/multi-memory/binary.wast:406: assert_malformed passed:
  000000e: error: unable to read i64 leb128: i64.const value
out/test/spec/multi-memory/binary.wast:418: assert_malformed passed:
  000001b: error: function body must end with END opcode
out/test/spec/multi-memory/binary.wast:439: assert_malformed passed:
  000001a: error: function body must end with END opcode
out/test/spec/multi-memory/binary.wast:455: assert_malformed passed:
  000001a: error: function body must end with END opcode
out/test/spec/multi-memory/binary.wast:475: assert_malformed passed:
  000000c: error: unable to read u32 leb128: memory initial page count
out/test/spec/multi-memory/binary.wast:483: assert_malformed passed:
  0000022: error: unable to read u32 leb128: load offset
out/test/spec/multi-memory/binary.wast:502: assert_malformed passed:
  0000021: error: unable to read u32 leb128: load alignment
out/test/spec/multi-memory/binary.wast:521: assert_malformed passed:
  0000023: error: unable to read u32 leb128: store alignment
out/test/spec/multi-memory/binary.wast:540: assert_malformed passed:
  0000024: error: unable to read u32 leb128: store offset
out/test/spec/multi-memory/binary.wast:561: assert_malformed passed:
  000000e: error: unable to read i32 leb128: i32.const value
out/test/spec/multi-memory/binary.wast:571: assert_malformed passed:
  000000e: error: unable to read i32 leb128: i32.const value
out/test/spec/multi-memory/binary.wast:582: assert_malformed passed:
  000000e: error: unable to read i64 leb128: i64.const value
out/test/spec/multi-memory/binary.wast:592: assert_malformed passed:
  000000e: error: unable to read i64 leb128: i64.const value
out/test/spec/multi-memory/binary.wast:604: assert_malformed passed:
  000000c: error: unable to read u32 leb128: memory initial page count
out/test/spec/multi-memory/binary.wast:612: assert_malformed passed:
  000000c: error: unable to read u32 leb128: memory initial page count
out/test/spec/multi-memory/binary.wast:620: assert_malformed passed:
  0000022: error: unable to read u32 leb128: load offset
out/test/spec/multi-memory/binary.wast:639: assert_malformed passed:
  0000022: error: unable to read u32 leb128: load offset
out/test/spec/multi-memory/binary.wast:658: assert_malformed passed:
  0000021: error: unable to read u32 leb128: load alignment
out/test/spec/multi-memory/binary.wast:676: assert_malformed passed:
  0000021: error: unable to read u32 leb128: load alignment
out/test/spec/multi-memory/binary.wast:695: assert_malformed passed:
  0000023: error: unable to read u32 leb128: store alignment
out/test/spec/multi-memory/binary.wast:714: assert_malformed passed:
  0000023: error: unable to read u32 leb128: store alignment
out/test/spec/multi-memory/binary.wast:733: assert_malformed passed:
  0000024: error: unable to read u32 leb128: store offset
out/test/spec/multi-memory/binary.wast:752: assert_malformed passed:
  0000024: error: unable to read u32 leb128: store offset
out/test/spec/multi-memory/binary.wast:774: assert_malformed passed:
  000000e: error: unable to read i32 leb128: i32.const value
out/test/spec/multi-memory/binary.wast:784: assert_malformed passed:
  000000e: error: unable to read i32 leb128: i32.const value
out/test/spec/multi-memory/binary.wast:794: assert_malformed passed:
  000000e: error: unable to read i32 leb128: i32.const value
out/test/spec/multi-memory/binary.wast:804: assert_malformed passed:
  000000e: error: unable to read i32 leb128: i32.const value
out/test/spec/multi-memory/binary.wast:815: assert_malformed passed:
  000000e: error: unable to read i64 leb128: i64.const value
out/test/spec/multi-memory/binary.wast:825: assert_malformed passed:
  000000e: error: unable to read i64 leb128: i64.const value
out/test/spec/multi-memory/binary.wast:835: assert_malformed passed:
  000000e: error: unable to read i64 leb128: i64.const value
out/test/spec/multi-memory/binary.wast:845: assert_malformed passed:
  000000e: error: unable to read i64 leb128: i64.const value
out/test/spec/multi-memory/binary.wast:857: assert_malformed passed:
  0000017: error: unable to read u32 leb128: local type count
out/test/spec/multi-memory/binary.wast:874: assert_malformed passed:
  0000017: error: unable to read u32 leb128: local type count
out/test/spec/multi-memory/binary.wast:891: assert_malformed passed:
  000001c: error: local count must be < 0x10000000
out/test/spec/multi-memory/binary.wast:907: assert_malformed passed:
  0000030: error: local count must be < 0x10000000
out/test/spec/multi-memory/binary.wast:941: assert_malformed passed:
  0000013: error: function signature count != function body count
out/test/spec/multi-memory/binary.wast:951: assert_malformed passed:
  000000b: error: function signature count != function body count
out/test/spec/multi-memory/binary.wast:960: assert_malformed passed:
  0000016: error: function signature count != function body count
out/test/spec/multi-memory/binary.wast:971: assert_malformed passed:
  0000015: error: function signature count != function body count
out/test/spec/multi-memory/binary.wast:994: assert_malformed passed:
  000000e: error: data segment count does not equal count in DataCount section
out/test/spec/multi-memory/binary.wast:1004: assert_malformed passed:
  000000e: error: data segment count does not equal count in DataCount section
out/test/spec/multi-memory/binary.wast:1014: assert_malformed passed:
  0000024: error: memory.init requires data count section
out/test/spec/multi-memory/binary.wast:1036: assert_malformed passed:
  000001e: error: data.drop requires data count section
out/test/spec/multi-memory/binary.wast:1055: assert_malformed passed:
  0000024: error: expected ref.null or ref.func in passive element segment
  0000025: error: expected END opcode after element expression
out/test/spec/multi-memory/binary.wast:1081: assert_malformed passed:
  0000022: error: table elem type must be a reference type
out/test/spec/multi-memory/binary.wast:1162: assert_malformed passed:
  000000a: error: invalid section size: extends past end
out/test/spec/multi-memory/binary.wast:1173: assert_malformed passed:
  000000e: error: unfinished section (expected end: 0x11)
out/test/spec/multi-memory/binary.wast:1192: assert_malformed passed:
  000000e: error: invalid import tag kind: exceptions not allowed
out/test/spec/multi-memory/binary.wast:1202: assert_malformed passed:
  000000e: error: invalid import tag kind: exceptions not allowed
out/test/spec/multi-memory/binary.wast:1213: assert_malformed passed:
  000000e: error: malformed import kind: 5
out/test/spec/multi-memory/binary.wast:1223: assert_malformed passed:
  000000e: error: malformed import kind: 5
out/test/spec/multi-memory/binary.wast:1234: assert_malformed passed:
  000000e: error: malformed import kind: 128
out/test/spec/multi-memory/binary.wast:1244: assert_malformed passed:
  000000e: error: malformed import kind: 128
out/test/spec/multi-memory/binary.wast:1257: assert_malformed passed:
  0000027: error: unable to read u32 leb128: string length
out/test/spec/multi-memory/binary.wast:1276: assert_malformed passed:
  000002b: error: unfinished section (expected end: 0x40)
out/test/spec/multi-memory/binary.wast:1307: assert_malformed passed:
  000000b: error: invalid table count 1, only 0 bytes left in section
out/test/spec/multi-memory/binary.wast:1317: assert_malformed passed:
  000000d: error: tables may not be shared
out/test/spec/multi-memory/binary.wast:1326: assert_malformed passed:
  000000d: error: tables may not be shared
out/test/spec/multi-memory/binary.wast:1336: assert_malformed passed:
  000000d: error: malformed table limits flag: 129
out/test/spec/multi-memory/binary.wast:1354: assert_malformed passed:
  000000b: error: invalid memory count 1, only 0 bytes left in section
out/test/spec/multi-memory/binary.wast:1364: assert_malformed passed:
  000000c: error: memory may not be shared: threads not allowed
out/test/spec/multi-memory/binary.wast:1372: assert_malformed passed:
  000000c: error: memory may not be shared: threads not allowed
out/test/spec/multi-memory/binary.wast:1381: assert_malformed passed:
  000000c: error: malformed memory limits flag: 129
out/test/spec/multi-memory/binary.wast:1390: assert_malformed passed:
  000000c: error: malformed memory limits flag: 129
out/test/spec/multi-memory/binary.wast:1407: assert_malformed passed:
  0000010: error: unable to read i32 leb128: global type
out/test/spec/multi-memory/binary.wast:1418: assert_malformed passed:
  0000010: error: unfinished section (expected end: 0x15)
out/test/spec/multi-memory/binary.wast:1441: assert_malformed passed:
  000001b: error: unable to read u32 leb128: string length
out/test/spec/multi-memory/binary.wast:1462: assert_malformed passed:
  000001b: error: unfinished section (expected end: 0x20)
out/test/spec/multi-memory/binary.wast:1496: assert_malformed passed:
  0000021: error: unable to read u32 leb128: elem segment flags
out/test/spec/multi-memory/binary.wast:1512: assert_malformed passed:
  0000024: error: unable to read u32 leb128: elem count
out/test/spec/multi-memory/binary.wast:1529: assert_malformed passed:
  0000021: error: unfinished section (expected end: 0x27)
out/test/spec/multi-memory/binary.wast:1555: assert_malformed passed:
  0000016: error: unable to read u32 leb128: data segment flags
out/test/spec/multi-memory/binary.wast:1568: assert_malformed passed:
  0000016: error: unfinished section (expected end: 0x1c)
out/test/spec/multi-memory/binary.wast:1581: assert_malformed passed:
  0000015: error: unable to read data: data segment data
out/test/spec/multi-memory/binary.wast:1595: assert_malformed passed:
  000001a: error: unfinished section (expected end: 0x1b)
out/test/spec/multi-memory/binary.wast:1626: assert_malformed passed:
  out/test/spec/multi-memory/binary/binary.164.wasm:0000025: error: function type variable out of range: 11 (max 1)
  0000025: error: OnBlockExpr callback failed
out/test/spec/multi-memory/binary.wast:1661: assert_malformed passed:
  0000017: error: multiple Start sections
167/167 tests passed.
;;; STDOUT ;;)
