;;; TOOL: run-interp-spec
;;; STDIN_FILE: third_party/testsuite/f32_bitwise.wast
(;; STDOUT ;;;
out/test/spec/f32_bitwise.wast:374: assert_invalid passed:
  out/test/spec/f32_bitwise/f32_bitwise.1.wasm:0000024: error: type mismatch in f32.copysign, expected [f32, f32] but got [i64, f64]
  0000024: error: OnBinaryExpr callback failed
out/test/spec/f32_bitwise.wast:375: assert_invalid passed:
  out/test/spec/f32_bitwise/f32_bitwise.2.wasm:000001b: error: type mismatch in f32.abs, expected [f32] but got [i64]
  000001b: error: OnUnaryExpr callback failed
out/test/spec/f32_bitwise.wast:376: assert_invalid passed:
  out/test/spec/f32_bitwise/f32_bitwise.3.wasm:000001b: error: type mismatch in f32.neg, expected [f32] but got [i64]
  000001b: error: OnUnaryExpr callback failed
364/364 tests passed.
;;; STDOUT ;;)
