;;; TOOL: run-interp-spec
;;; STDIN_FILE: third_party/testsuite/simd_i32x4_extadd_pairwise_i16x8.wast
(;; STDOUT ;;;
out/test/spec/simd_i32x4_extadd_pairwise_i16x8.wast:47: assert_invalid passed:
  out/test/spec/simd_i32x4_extadd_pairwise_i16x8/simd_i32x4_extadd_pairwise_i16x8.1.wasm:000001c: error: type mismatch in i32x4.extadd_pairwise_i16x8_s, expected [v128] but got [i32]
  000001c: error: OnUnaryExpr callback failed
out/test/spec/simd_i32x4_extadd_pairwise_i16x8.wast:48: assert_invalid passed:
  out/test/spec/simd_i32x4_extadd_pairwise_i16x8/simd_i32x4_extadd_pairwise_i16x8.2.wasm:000001c: error: type mismatch in i32x4.extadd_pairwise_i16x8_u, expected [v128] but got [i32]
  000001c: error: OnUnaryExpr callback failed
out/test/spec/simd_i32x4_extadd_pairwise_i16x8.wast:53: assert_invalid passed:
  out/test/spec/simd_i32x4_extadd_pairwise_i16x8/simd_i32x4_extadd_pairwise_i16x8.3.wasm:000001a: error: type mismatch in i32x4.extadd_pairwise_i16x8_s, expected [v128] but got []
  000001a: error: OnUnaryExpr callback failed
out/test/spec/simd_i32x4_extadd_pairwise_i16x8.wast:61: assert_invalid passed:
  out/test/spec/simd_i32x4_extadd_pairwise_i16x8/simd_i32x4_extadd_pairwise_i16x8.4.wasm:000001a: error: type mismatch in i32x4.extadd_pairwise_i16x8_u, expected [v128] but got []
  000001a: error: OnUnaryExpr callback failed
21/21 tests passed.
;;; STDOUT ;;)
