;;; TOOL: run-interp-spec
;;; STDIN_FILE: third_party/testsuite/simd_store64_lane.wast
(;; STDOUT ;;;
out/test/spec/simd_store64_lane.wast:115: assert_invalid passed:
  out/test/spec/simd_store64_lane/simd_store64_lane.1.wasm:0000027: error: type mismatch in v128.store64_lane, expected [i32, v128] but got [v128, i32]
  0000027: error: OnSimdStoreLaneExpr callback failed
out/test/spec/simd_store64_lane.wast:121: assert_invalid passed:
  out/test/spec/simd_store64_lane/simd_store64_lane.2.wasm:0000027: error: lane index must be less than 2 (got 2)
  0000027: error: OnSimdStoreLaneExpr callback failed
out/test/spec/simd_store64_lane.wast:128: assert_invalid passed:
  out/test/spec/simd_store64_lane/simd_store64_lane.3.wasm:0000027: error: alignment must not be larger than natural alignment (8)
  0000027: error: OnSimdStoreLaneExpr callback failed
16/16 tests passed.
;;; STDOUT ;;)
