;;; TOOL: run-interp-spec
;;; STDIN_FILE: third_party/testsuite/simd_load32_lane.wast
(;; STDOUT ;;;
out/test/spec/simd_load32_lane.wast:127: assert_invalid passed:
  out/test/spec/simd_load32_lane/simd_load32_lane.1.wasm:0000027: error: type mismatch in v128.load32_lane, expected [i32, v128] but got [v128, i32]
  0000027: error: OnSimdLoadLaneExpr callback failed
out/test/spec/simd_load32_lane.wast:133: assert_invalid passed:
  out/test/spec/simd_load32_lane/simd_load32_lane.2.wasm:0000027: error: lane index must be less than 4 (got 4)
  0000027: error: OnSimdLoadLaneExpr callback failed
out/test/spec/simd_load32_lane.wast:140: assert_invalid passed:
  out/test/spec/simd_load32_lane/simd_load32_lane.3.wasm:0000027: error: alignment must not be larger than natural alignment (4)
  0000027: error: OnSimdLoadLaneExpr callback failed
24/24 tests passed.
;;; STDOUT ;;)
