;;; TOOL: run-interp-spec
;;; STDIN_FILE: third_party/testsuite/switch.wast
(;; STDOUT ;;;
out/test/spec/switch.wast:150: assert_invalid passed:
  out/test/spec/switch/switch.1.wasm:000001c: error: invalid depth: 3 (max 0)
  000001c: error: OnBrTableExpr callback failed
28/28 tests passed.
;;; STDOUT ;;)
